<?xml version="1.0" encoding="UTF-8"?>
<!-- Generated by org.testng.reporters.JUnitReportReporter -->
<testsuite hostname="LinhLaptop" failures="0" tests="1" name="com.crm.qa.testcases.LoginPageTest" time="6.809" errors="0" timestamp="21 Jun 2018 21:03:43 GMT" skipped="0">
  <testcase classname="com.crm.qa.testcases.LoginPageTest" name="loginPageTitleTest" time="6.809"/>
</testsuite> <!-- com.crm.qa.testcases.LoginPageTest -->
