<?xml version="1.0" encoding="UTF-8"?>
<!-- Generated by org.testng.reporters.JUnitReportReporter -->
<testsuite hostname="LinhLaptop" failures="0" tests="1" name="com.crm.qa.testcases.TasksPageTest" time="86.067" errors="0" timestamp="06 Jun 2018 03:59:16 GMT" skipped="0">
  <testcase classname="com.crm.qa.testcases.TasksPageTest" name="checkBrokenLinksImagesTest" time="86.067"/>
</testsuite> <!-- com.crm.qa.testcases.TasksPageTest -->
