<?xml version="1.0" encoding="UTF-8"?>
<!-- Generated by org.testng.reporters.JUnitReportReporter -->
<testsuite hostname="LinhLaptop" failures="0" tests="3" name="com.crm.qa.testcases.LoginPageTest" time="22.289" errors="0" timestamp="08 Jun 2018 20:40:12 GMT" skipped="0">
  <testcase classname="com.crm.qa.testcases.LoginPageTest" name="loginPageTitleTest" time="5.899"/>
  <testcase classname="com.crm.qa.testcases.LoginPageTest" name="crmLogoImageTest" time="6.059"/>
  <testcase classname="com.crm.qa.testcases.LoginPageTest" name="loginTest" time="10.331"/>
</testsuite> <!-- com.crm.qa.testcases.LoginPageTest -->
