<?xml version="1.0" encoding="UTF-8"?>
<!-- Generated by org.testng.reporters.JUnitReportReporter -->
<testsuite hostname="LinhLaptop" failures="0" tests="3" name="com.crm.qa.testcases.LoginPageTest" time="26.359" errors="0" timestamp="21 Jun 2018 00:58:09 GMT" skipped="0">
  <testcase classname="com.crm.qa.testcases.LoginPageTest" name="loginPageTitleTest" time="6.767"/>
  <testcase classname="com.crm.qa.testcases.LoginPageTest" name="crmLogoImageTest" time="9.324"/>
  <testcase classname="com.crm.qa.testcases.LoginPageTest" name="loginTest" time="10.268"/>
</testsuite> <!-- com.crm.qa.testcases.LoginPageTest -->
