<?xml version="1.0" encoding="UTF-8"?>
<!-- Generated by org.testng.reporters.JUnitReportReporter -->
<testsuite hostname="LinhLaptop" failures="0" tests="2" name="com.crm.qa.testcases.TasksPageTest" time="86.787" errors="0" timestamp="18 Jun 2018 22:42:11 GMT" skipped="0">
  <testcase classname="com.crm.qa.testcases.TasksPageTest" name="verifyTasksPageLabel" time="11.266"/>
  <testcase classname="com.crm.qa.testcases.TasksPageTest" name="checkBrokenLinksImagesTest" time="75.521"/>
</testsuite> <!-- com.crm.qa.testcases.TasksPageTest -->
