<?xml version="1.0" encoding="UTF-8"?>
<!-- Generated by org.testng.reporters.JUnitReportReporter -->
<testsuite hostname="LinhLaptop" failures="0" tests="1" name="com.crm.qa.testcases.HomePageTest" time="10.768" errors="0" timestamp="21 Jun 2018 21:03:43 GMT" skipped="0">
  <testcase classname="com.crm.qa.testcases.HomePageTest" name="verifyHomePageTitleTest" time="10.768"/>
</testsuite> <!-- com.crm.qa.testcases.HomePageTest -->
