<?xml version="1.0" encoding="UTF-8"?>
<!-- Generated by org.testng.reporters.JUnitReportReporter -->
<testsuite hostname="LinhLaptop" failures="0" tests="3" name="com.crm.qa.testcases.LoginPageTest" time="23.171" errors="0" timestamp="18 Jun 2018 22:42:11 GMT" skipped="0">
  <testcase classname="com.crm.qa.testcases.LoginPageTest" name="loginPageTitleTest" time="5.920"/>
  <testcase classname="com.crm.qa.testcases.LoginPageTest" name="crmLogoImageTest" time="5.737"/>
  <testcase classname="com.crm.qa.testcases.LoginPageTest" name="loginTest" time="11.514"/>
</testsuite> <!-- com.crm.qa.testcases.LoginPageTest -->
