<?xml version="1.0" encoding="UTF-8"?>
<!-- Generated by org.testng.reporters.JUnitReportReporter -->
<testsuite hostname="LinhLaptop" failures="0" tests="1" name="com.crm.qa.testcases.HomePageTest" time="13.754" errors="0" timestamp="10 Jun 2018 01:03:24 GMT" skipped="0">
  <testcase classname="com.crm.qa.testcases.HomePageTest" name="verifyHomePageTitleTest" time="13.754"/>
</testsuite> <!-- com.crm.qa.testcases.HomePageTest -->
