<?xml version="1.0" encoding="UTF-8"?>
<!-- Generated by org.testng.reporters.JUnitReportReporter -->
<testsuite hostname="LinhLaptop" failures="0" tests="1" name="com.crm.qa.testcases.DealsPageTest" time="13.112" errors="0" timestamp="04 Jun 2018 23:01:31 GMT" skipped="0">
  <testcase classname="com.crm.qa.testcases.DealsPageTest" name="verifyDealsLabelTest" time="13.112"/>
</testsuite> <!-- com.crm.qa.testcases.DealsPageTest -->
