<?xml version="1.0" encoding="UTF-8"?>
<!-- Generated by org.testng.reporters.JUnitReportReporter -->
<testsuite hostname="LinhLaptop" failures="0" tests="3" name="com.crm.qa.testcases.DealsPageTest" time="41.233" errors="0" timestamp="11 Jun 2018 05:07:05 GMT" skipped="0">
  <testcase classname="com.crm.qa.testcases.DealsPageTest" name="verifyDealsLabelTest" time="10.474"/>
  <testcase classname="com.crm.qa.testcases.DealsPageTest" name="createNewDealTest" time="16.323"/>
  <testcase classname="com.crm.qa.testcases.DealsPageTest" name="createNewDealTest" time="14.436"/>
</testsuite> <!-- com.crm.qa.testcases.DealsPageTest -->
