<?xml version="1.0" encoding="UTF-8"?>
<!-- Generated by org.testng.reporters.JUnitReportReporter -->
<testsuite hostname="LinhLaptop" failures="0" tests="3" name="com.crm.qa.testcases.DealsPageTest" time="43.537" errors="0" timestamp="18 Jun 2018 22:52:00 GMT" skipped="0">
  <testcase classname="com.crm.qa.testcases.DealsPageTest" name="verifyDealsLabelTest" time="9.923"/>
  <testcase classname="com.crm.qa.testcases.DealsPageTest" name="createNewDealTest" time="18.526"/>
  <testcase classname="com.crm.qa.testcases.DealsPageTest" name="createNewDealTest" time="15.088"/>
</testsuite> <!-- com.crm.qa.testcases.DealsPageTest -->
