<?xml version="1.0" encoding="UTF-8"?>
<!-- Generated by org.testng.reporters.JUnitReportReporter -->
<testsuite hostname="LinhLaptop" failures="0" tests="3" name="com.crm.qa.testcases.LoginPageTest" time="20.719" errors="0" timestamp="11 Jun 2018 05:07:05 GMT" skipped="0">
  <testcase classname="com.crm.qa.testcases.LoginPageTest" name="loginPageTitleTest" time="6.249"/>
  <testcase classname="com.crm.qa.testcases.LoginPageTest" name="crmLogoImageTest" time="6.152"/>
  <testcase classname="com.crm.qa.testcases.LoginPageTest" name="loginTest" time="8.318"/>
</testsuite> <!-- com.crm.qa.testcases.LoginPageTest -->
