<?xml version="1.0" encoding="UTF-8"?>
<!-- Generated by org.testng.reporters.JUnitReportReporter -->
<testsuite hostname="LinhLaptop" failures="0" tests="3" name="com.crm.qa.testcases.LoginPageTest" time="19.817" errors="0" timestamp="18 Jun 2018 22:52:00 GMT" skipped="0">
  <testcase classname="com.crm.qa.testcases.LoginPageTest" name="loginPageTitleTest" time="5.818"/>
  <testcase classname="com.crm.qa.testcases.LoginPageTest" name="crmLogoImageTest" time="5.856"/>
  <testcase classname="com.crm.qa.testcases.LoginPageTest" name="loginTest" time="8.143"/>
</testsuite> <!-- com.crm.qa.testcases.LoginPageTest -->
