<?xml version="1.0" encoding="UTF-8"?>
<!-- Generated by org.testng.reporters.JUnitReportReporter -->
<testsuite hostname="LinhLaptop" failures="0" tests="3" name="com.crm.qa.testcases.DealsPageTest" time="50.836" errors="0" timestamp="20 Jun 2018 23:52:50 GMT" skipped="0">
  <testcase classname="com.crm.qa.testcases.DealsPageTest" name="verifyDealsLabelTest" time="13.676"/>
  <testcase classname="com.crm.qa.testcases.DealsPageTest" name="createNewDealTest" time="20.640"/>
  <testcase classname="com.crm.qa.testcases.DealsPageTest" name="createNewDealTest" time="16.520"/>
</testsuite> <!-- com.crm.qa.testcases.DealsPageTest -->
