<?xml version="1.0" encoding="UTF-8"?>
<!-- Generated by org.testng.reporters.JUnitReportReporter -->
<testsuite hostname="LinhLaptop" failures="0" tests="1" name="com.crm.qa.testcases.TasksPageTest" time="9.817" errors="0" timestamp="20 Jun 2018 23:52:50 GMT" skipped="0">
  <testcase classname="com.crm.qa.testcases.TasksPageTest" name="verifyTasksPageLabel" time="9.817"/>
</testsuite> <!-- com.crm.qa.testcases.TasksPageTest -->
