<?xml version="1.0" encoding="UTF-8"?>
<!-- Generated by org.testng.reporters.JUnitReportReporter -->
<testsuite hostname="LinhLaptop" failures="0" tests="3" name="com.crm.qa.testcases.DealsPageTest" time="43.791" errors="0" timestamp="21 Jun 2018 20:44:09 GMT" skipped="0">
  <testcase classname="com.crm.qa.testcases.DealsPageTest" name="verifyDealsLabelTest" time="10.155"/>
  <testcase classname="com.crm.qa.testcases.DealsPageTest" name="createNewDealTest" time="14.756"/>
  <testcase classname="com.crm.qa.testcases.DealsPageTest" name="createNewDealTest" time="18.880"/>
</testsuite> <!-- com.crm.qa.testcases.DealsPageTest -->
