<?xml version="1.0" encoding="UTF-8"?>
<!-- Generated by org.testng.reporters.JUnitReportReporter -->
<testsuite hostname="LinhLaptop" failures="0" tests="1" name="com.crm.qa.testcases.HomePageTest" time="8.625" errors="0" timestamp="21 Jun 2018 20:44:09 GMT" skipped="0">
  <testcase classname="com.crm.qa.testcases.HomePageTest" name="verifyHomePageTitleTest" time="8.625"/>
</testsuite> <!-- com.crm.qa.testcases.HomePageTest -->
