<?xml version="1.0" encoding="UTF-8"?>
<!-- Generated by org.testng.reporters.JUnitReportReporter -->
<testsuite hostname="LinhLaptop" failures="0" tests="1" name="com.crm.qa.testcases.TasksPageTest" time="10.668" errors="0" timestamp="11 Jun 2018 05:07:05 GMT" skipped="0">
  <testcase classname="com.crm.qa.testcases.TasksPageTest" name="verifyTasksPageLabel" time="10.668"/>
</testsuite> <!-- com.crm.qa.testcases.TasksPageTest -->
