<?xml version="1.0" encoding="UTF-8"?>
<!-- Generated by org.testng.reporters.JUnitReportReporter -->
<testsuite hostname="LinhLaptop" failures="0" tests="3" name="com.crm.qa.testcases.DealsPageTest" time="47.229" errors="0" timestamp="21 Jun 2018 20:33:15 GMT" skipped="0">
  <testcase classname="com.crm.qa.testcases.DealsPageTest" name="verifyDealsLabelTest" time="10.859"/>
  <testcase classname="com.crm.qa.testcases.DealsPageTest" name="createNewDealTest" time="17.322"/>
  <testcase classname="com.crm.qa.testcases.DealsPageTest" name="createNewDealTest" time="19.048"/>
</testsuite> <!-- com.crm.qa.testcases.DealsPageTest -->
