<?xml version="1.0" encoding="UTF-8"?>
<!-- Generated by org.testng.reporters.JUnitReportReporter -->
<testsuite hostname="LinhLaptop" failures="0" tests="3" name="com.crm.qa.testcases.LoginPageTest" time="21.757" errors="0" timestamp="20 Jun 2018 23:52:50 GMT" skipped="0">
  <testcase classname="com.crm.qa.testcases.LoginPageTest" name="loginPageTitleTest" time="6.131"/>
  <testcase classname="com.crm.qa.testcases.LoginPageTest" name="crmLogoImageTest" time="6.370"/>
  <testcase classname="com.crm.qa.testcases.LoginPageTest" name="loginTest" time="9.256"/>
</testsuite> <!-- com.crm.qa.testcases.LoginPageTest -->
