<?xml version="1.0" encoding="UTF-8"?>
<!-- Generated by org.testng.reporters.JUnitReportReporter -->
<testsuite hostname="LinhLaptop" failures="0" tests="3" name="com.crm.qa.testcases.LoginPageTest" time="19.732" errors="0" timestamp="21 Jun 2018 20:33:15 GMT" skipped="0">
  <testcase classname="com.crm.qa.testcases.LoginPageTest" name="loginPageTitleTest" time="5.706"/>
  <testcase classname="com.crm.qa.testcases.LoginPageTest" name="crmLogoImageTest" time="6.103"/>
  <testcase classname="com.crm.qa.testcases.LoginPageTest" name="loginTest" time="7.923"/>
</testsuite> <!-- com.crm.qa.testcases.LoginPageTest -->
