<?xml version="1.0" encoding="UTF-8"?>
<!-- Generated by org.testng.reporters.JUnitReportReporter -->
<testsuite hostname="LinhLaptop" failures="0" tests="1" name="com.crm.qa.testcases.TasksPageTest" time="10.291" errors="0" timestamp="21 Jun 2018 20:33:15 GMT" skipped="0">
  <testcase classname="com.crm.qa.testcases.TasksPageTest" name="verifyTasksPageLabel" time="10.291"/>
</testsuite> <!-- com.crm.qa.testcases.TasksPageTest -->
